<?xml version="1.0" encoding="UTF-8"?>
<testng-results ignored="0" total="1" passed="1" failed="0" skipped="0">
  <reporter-output>
  </reporter-output>
  <suite started-at="2026-04-06T00:24:09 IST" name="Default suite" finished-at="2026-04-06T00:24:31 IST" duration-ms="21930">
    <groups>
    </groups>
    <test started-at="2026-04-06T00:24:09 IST" name="Default test" finished-at="2026-04-06T00:24:31 IST" duration-ms="21930">
      <class name="testmini.IRCTCTest">
        <test-method is-config="true" signature="setup(java.lang.String)[pri:0, instance:testmini.IRCTCTest@4b2bac3f]" started-at="2026-04-06T00:24:09 IST" name="setup" finished-at="2026-04-06T00:24:12 IST" duration-ms="2674" status="PASS">
          <params>
            <param index="0">
              <value>
                <![CDATA[chrome]]>
              </value>
            </param>
          </params>
          <reporter-output>
          </reporter-output>
        </test-method> <!-- setup -->
        <test-method signature="flightSearchTest()[pri:0, instance:testmini.IRCTCTest@4b2bac3f]" started-at="2026-04-06T00:24:12 IST" name="flightSearchTest" finished-at="2026-04-06T00:24:25 IST" duration-ms="13383" status="PASS">
          <reporter-output>
          </reporter-output>
        </test-method> <!-- flightSearchTest -->
        <test-method is-config="true" signature="tearDown()[pri:0, instance:testmini.IRCTCTest@4b2bac3f]" started-at="2026-04-06T00:24:25 IST" name="tearDown" finished-at="2026-04-06T00:24:31 IST" duration-ms="5827" status="PASS">
          <reporter-output>
          </reporter-output>
        </test-method> <!-- tearDown -->
      </class> <!-- testmini.IRCTCTest -->
    </test> <!-- Default test -->
  </suite> <!-- Default suite -->
</testng-results>
